<?xml version="1.0" encoding="UTF-8"?>
<!-- Generated by org.testng.reporters.JUnitReportReporter -->
<testsuite hostname="Spidy" failures="0" tests="1" name="com.comcast.crm.org_Testngtest.OrganizationTest" time="29.089" errors="0" timestamp="11 Sept 2024 11:06:36 GMT" skipped="0">
  <testcase classname="com.comcast.crm.org_Testngtest.OrganizationTest" name="createOrganizationTest" time="29.089"/>
</testsuite> <!-- com.comcast.crm.org_Testngtest.OrganizationTest -->
