<?xml version="1.0" encoding="UTF-8"?>
<!-- Generated by org.testng.reporters.JUnitReportReporter -->
<testsuite hostname="Spidy" failures="0" tests="1" name="practicedatadriventesting.CreateOrgUsingPropertyFileAndExcelTest" time="33.295" errors="0" timestamp="10 Aug 2024 03:39:39 GMT" skipped="0">
  <testcase classname="practicedatadriventesting.CreateOrgUsingPropertyFileAndExcelTest" name="createOrgTest" time="33.295"/>
</testsuite> <!-- practicedatadriventesting.CreateOrgUsingPropertyFileAndExcelTest -->
